[uWSGI] getting INI configuration from uwsgishare.ini
*** Starting uWSGI 2.0.14 (64bit) on [Mon Feb 13 12:20:39 2017] ***
compiled with version: 5.4.0 20160609 on 31 January 2017 21:52:36
os: Linux-4.4.0-57-generic #78-Ubuntu SMP Fri Dec 9 23:50:32 UTC 2016
nodename: iZwz93hgusrvmwl3n8e2xuZ
machine: x86_64
clock source: unix
detected number of CPU cores: 1
current working directory: /home/2017-sharing-backend
detected binary path: /usr/local/bin/uwsgi
!!! no internal routing support, rebuild with pcre support !!!
uWSGI running as root, you can use --uid/--gid/--chroot options
*** WARNING: you are running uWSGI as root !!! (use the --uid flag) *** 
chdir() to /home/2017-sharing-backend/sharing/
*** WARNING: you are running uWSGI without its master process manager ***
your processes number limit is 3827
your memory page size is 4096 bytes
detected max file descriptor number: 65535
lock engine: pthread robust mutexes
thunder lock: disabled (you can enable it with --thunder-lock)
uwsgi socket 0 bound to TCP address 127.0.0.1:4001 fd 3
Python version: 2.7.12 (default, Nov 19 2016, 06:48:10)  [GCC 5.4.0 20160609]
Python main interpreter initialized at 0xe0bc00
python threads support enabled
your server socket listen backlog is limited to 100 connections
your mercy for graceful operations on workers is 60 seconds
mapped 332224 bytes (324 KB) for 8 cores
*** Operational MODE: preforking+threaded ***
WSGI app 0 (mountpoint='') ready in 1 seconds on interpreter 0xe0bc00 pid: 3741 (default app)
*** uWSGI is running in multiple interpreter mode ***
spawned uWSGI worker 1 (pid: 3741, cores: 2)
spawned uWSGI worker 2 (pid: 3744, cores: 2)
spawned uWSGI worker 3 (pid: 3745, cores: 2)
spawned uWSGI worker 4 (pid: 3746, cores: 2)
